{"/Users/andelarwanda/MY-BRAND-BACK-END/index_test.js": {"path":"/Users/andelarwanda/MY-BRAND-BACK-END/index_test.js","statementMap":{"0":{"start":{"line":10,"column":12},"end":{"line":10,"column":21}},"1":{"start":{"line":11,"column":0},"end":{"line":11,"column":16}},"2":{"start":{"line":12,"column":0},"end":{"line":12,"column":16}},"3":{"start":{"line":13,"column":0},"end":{"line":13,"column":23}},"4":{"start":{"line":14,"column":0},"end":{"line":14,"column":26}},"5":{"start":{"line":15,"column":0},"end":{"line":15,"column":94}},"6":{"start":{"line":15,"column":26},"end":{"line":15,"column":92}},"7":{"start":{"line":16,"column":0},"end":{"line":16,"column":19}},"8":{"start":{"line":17,"column":13},"end":{"line":17,"column":29}},"9":{"start":{"line":18,"column":0},"end":{"line":18,"column":34}},"10":{"start":{"line":19,"column":0},"end":{"line":19,"column":104}}},"fnMap":{"0":{"name":"(anonymous_0)","decl":{"start":{"line":15,"column":12},"end":{"line":15,"column":13}},"loc":{"start":{"line":15,"column":26},"end":{"line":15,"column":92}},"line":15}},"branchMap":{},"s":{"0":7,"1":7,"2":7,"3":7,"4":7,"5":7,"6":0,"7":7,"8":7,"9":7,"10":7},"f":{"0":0},"b":{},"_coverageSchema":"1a1c01bbd47fc00a2c39e90264f33305004495a9","hash":"e50ea721d2b1e101e65b3d86f6398ee321cc820f"}
,"/Users/andelarwanda/MY-BRAND-BACK-END/src/controllers/blog.controllers.js": {"path":"/Users/andelarwanda/MY-BRAND-BACK-END/src/controllers/blog.controllers.js","statementMap":{"0":{"start":{"line":14,"column":8},"end":{"line":23,"column":9}},"1":{"start":{"line":15,"column":27},"end":{"line":15,"column":37}},"2":{"start":{"line":16,"column":31},"end":{"line":16,"column":62}},"3":{"start":{"line":17,"column":12},"end":{"line":19,"column":13}},"4":{"start":{"line":18,"column":16},"end":{"line":18,"column":86}},"5":{"start":{"line":20,"column":12},"end":{"line":20,"column":73}},"6":{"start":{"line":22,"column":12},"end":{"line":22,"column":50}},"7":{"start":{"line":27,"column":8},"end":{"line":32,"column":9}},"8":{"start":{"line":28,"column":26},"end":{"line":28,"column":43}},"9":{"start":{"line":29,"column":12},"end":{"line":29,"column":88}},"10":{"start":{"line":31,"column":12},"end":{"line":31,"column":45}},"11":{"start":{"line":40,"column":8},"end":{"line":44,"column":13}},"12":{"start":{"line":45,"column":8},"end":{"line":69,"column":9}},"13":{"start":{"line":46,"column":28},"end":{"line":52,"column":16}},"14":{"start":{"line":53,"column":27},"end":{"line":53,"column":62}},"15":{"start":{"line":54,"column":12},"end":{"line":65,"column":14}},"16":{"start":{"line":55,"column":16},"end":{"line":57,"column":17}},"17":{"start":{"line":56,"column":17},"end":{"line":56,"column":40}},"18":{"start":{"line":58,"column":56},"end":{"line":58,"column":64}},"19":{"start":{"line":60,"column":26},"end":{"line":60,"column":43}},"20":{"start":{"line":61,"column":23},"end":{"line":61,"column":35}},"21":{"start":{"line":62,"column":28},"end":{"line":62,"column":88}},"22":{"start":{"line":64,"column":16},"end":{"line":64,"column":79}},"23":{"start":{"line":67,"column":12},"end":{"line":67,"column":30}},"24":{"start":{"line":68,"column":12},"end":{"line":68,"column":68}},"25":{"start":{"line":72,"column":19},"end":{"line":72,"column":32}},"26":{"start":{"line":73,"column":8},"end":{"line":81,"column":9}},"27":{"start":{"line":74,"column":31},"end":{"line":74,"column":71}},"28":{"start":{"line":75,"column":12},"end":{"line":77,"column":13}},"29":{"start":{"line":76,"column":16},"end":{"line":76,"column":82}},"30":{"start":{"line":78,"column":12},"end":{"line":78,"column":65}},"31":{"start":{"line":80,"column":12},"end":{"line":80,"column":51}},"32":{"start":{"line":85,"column":8},"end":{"line":95,"column":9}},"33":{"start":{"line":86,"column":43},"end":{"line":86,"column":51}},"34":{"start":{"line":87,"column":27},"end":{"line":87,"column":37}},"35":{"start":{"line":88,"column":32},"end":{"line":88,"column":112}},"36":{"start":{"line":89,"column":12},"end":{"line":91,"column":13}},"37":{"start":{"line":90,"column":16},"end":{"line":90,"column":87}},"38":{"start":{"line":92,"column":12},"end":{"line":92,"column":78}},"39":{"start":{"line":94,"column":12},"end":{"line":94,"column":50}}},"fnMap":{"0":{"name":"(anonymous_0)","decl":{"start":{"line":13,"column":4},"end":{"line":13,"column":5}},"loc":{"start":{"line":13,"column":38},"end":{"line":24,"column":5}},"line":13},"1":{"name":"(anonymous_1)","decl":{"start":{"line":26,"column":4},"end":{"line":26,"column":5}},"loc":{"start":{"line":26,"column":40},"end":{"line":33,"column":5}},"line":26},"2":{"name":"(anonymous_2)","decl":{"start":{"line":35,"column":4},"end":{"line":35,"column":5}},"loc":{"start":{"line":35,"column":38},"end":{"line":70,"column":5}},"line":35},"3":{"name":"(anonymous_3)","decl":{"start":{"line":54,"column":28},"end":{"line":54,"column":29}},"loc":{"start":{"line":54,"column":42},"end":{"line":65,"column":13}},"line":54},"4":{"name":"(anonymous_4)","decl":{"start":{"line":71,"column":4},"end":{"line":71,"column":5}},"loc":{"start":{"line":71,"column":38},"end":{"line":82,"column":5}},"line":71},"5":{"name":"(anonymous_5)","decl":{"start":{"line":84,"column":4},"end":{"line":84,"column":5}},"loc":{"start":{"line":84,"column":36},"end":{"line":96,"column":5}},"line":84}},"branchMap":{"0":{"loc":{"start":{"line":17,"column":12},"end":{"line":19,"column":13}},"type":"if","locations":[{"start":{"line":17,"column":12},"end":{"line":19,"column":13}},{"start":{},"end":{}}],"line":17},"1":{"loc":{"start":{"line":55,"column":16},"end":{"line":57,"column":17}},"type":"if","locations":[{"start":{"line":55,"column":16},"end":{"line":57,"column":17}},{"start":{},"end":{}}],"line":55},"2":{"loc":{"start":{"line":75,"column":12},"end":{"line":77,"column":13}},"type":"if","locations":[{"start":{"line":75,"column":12},"end":{"line":77,"column":13}},{"start":{},"end":{}}],"line":75},"3":{"loc":{"start":{"line":89,"column":12},"end":{"line":91,"column":13}},"type":"if","locations":[{"start":{"line":89,"column":12},"end":{"line":91,"column":13}},{"start":{},"end":{}}],"line":89}},"s":{"0":2,"1":2,"2":2,"3":1,"4":0,"5":1,"6":1,"7":1,"8":1,"9":1,"10":0,"11":1,"12":1,"13":1,"14":1,"15":1,"16":1,"17":0,"18":1,"19":1,"20":1,"21":1,"22":1,"23":0,"24":0,"25":1,"26":1,"27":1,"28":1,"29":0,"30":1,"31":0,"32":0,"33":0,"34":0,"35":0,"36":0,"37":0,"38":0,"39":0},"f":{"0":2,"1":1,"2":1,"3":1,"4":1,"5":0},"b":{"0":[0,1],"1":[0,1],"2":[0,1],"3":[0,0]},"_coverageSchema":"1a1c01bbd47fc00a2c39e90264f33305004495a9","hash":"be5e03ebd8b75f8edc4d5b43cf118fcd87d5d5b2"}
,"/Users/andelarwanda/MY-BRAND-BACK-END/src/controllers/comment.controller.js": {"path":"/Users/andelarwanda/MY-BRAND-BACK-END/src/controllers/comment.controller.js","statementMap":{"0":{"start":{"line":7,"column":19},"end":{"line":7,"column":29}},"1":{"start":{"line":7,"column":37},"end":{"line":7,"column":39}},"2":{"start":{"line":10,"column":33},"end":{"line":10,"column":41}},"3":{"start":{"line":12,"column":25},"end":{"line":12,"column":63}},"4":{"start":{"line":14,"column":26},"end":{"line":14,"column":113}},"5":{"start":{"line":15,"column":4},"end":{"line":15,"column":73}}},"fnMap":{"0":{"name":"(anonymous_0)","decl":{"start":{"line":6,"column":2},"end":{"line":6,"column":3}},"loc":{"start":{"line":6,"column":33},"end":{"line":16,"column":3}},"line":6}},"branchMap":{},"s":{"0":1,"1":1,"2":1,"3":1,"4":1,"5":1},"f":{"0":1},"b":{},"_coverageSchema":"1a1c01bbd47fc00a2c39e90264f33305004495a9","hash":"7d4344e8d5c089b7633379a6fa8d4e592784d400"}
,"/Users/andelarwanda/MY-BRAND-BACK-END/src/controllers/login.controller.js": {"path":"/Users/andelarwanda/MY-BRAND-BACK-END/src/controllers/login.controller.js","statementMap":{"0":{"start":{"line":9,"column":31},"end":{"line":9,"column":39}},"1":{"start":{"line":10,"column":21},"end":{"line":10,"column":52}},"2":{"start":{"line":11,"column":6},"end":{"line":25,"column":7}},"3":{"start":{"line":12,"column":30},"end":{"line":12,"column":76}},"4":{"start":{"line":13,"column":8},"end":{"line":15,"column":9}},"5":{"start":{"line":14,"column":10},"end":{"line":14,"column":75}},"6":{"start":{"line":16,"column":27},"end":{"line":16,"column":109}},"7":{"start":{"line":17,"column":8},"end":{"line":17,"column":60}},"8":{"start":{"line":18,"column":24},"end":{"line":18,"column":70}},"9":{"start":{"line":19,"column":36},"end":{"line":19,"column":43}},"10":{"start":{"line":20,"column":8},"end":{"line":20,"column":81}},"11":{"start":{"line":24,"column":8},"end":{"line":24,"column":67}},"12":{"start":{"line":27,"column":6},"end":{"line":27,"column":24}},"13":{"start":{"line":28,"column":6},"end":{"line":28,"column":63}}},"fnMap":{"0":{"name":"(anonymous_0)","decl":{"start":{"line":8,"column":2},"end":{"line":8,"column":3}},"loc":{"start":{"line":8,"column":35},"end":{"line":26,"column":5}},"line":8},"1":{"name":"(anonymous_1)","decl":{"start":{"line":26,"column":6},"end":{"line":26,"column":7}},"loc":{"start":{"line":26,"column":20},"end":{"line":29,"column":5}},"line":26}},"branchMap":{"0":{"loc":{"start":{"line":11,"column":6},"end":{"line":25,"column":7}},"type":"if","locations":[{"start":{"line":11,"column":6},"end":{"line":25,"column":7}},{"start":{"line":23,"column":6},"end":{"line":25,"column":7}}],"line":11},"1":{"loc":{"start":{"line":13,"column":8},"end":{"line":15,"column":9}},"type":"if","locations":[{"start":{"line":13,"column":8},"end":{"line":15,"column":9}},{"start":{},"end":{}}],"line":13},"2":{"loc":{"start":{"line":13,"column":12},"end":{"line":13,"column":53}},"type":"binary-expr","locations":[{"start":{"line":13,"column":12},"end":{"line":13,"column":26}},{"start":{"line":13,"column":30},"end":{"line":13,"column":53}}],"line":13}},"s":{"0":1,"1":1,"2":0,"3":0,"4":0,"5":0,"6":0,"7":0,"8":0,"9":0,"10":0,"11":0,"12":0,"13":0},"f":{"0":1,"1":0},"b":{"0":[0,0],"1":[0,0],"2":[0,0]},"_coverageSchema":"1a1c01bbd47fc00a2c39e90264f33305004495a9","hash":"ec5c0dfa63bd7d1823ac354ba296f50a9c2468d3"}
,"/Users/andelarwanda/MY-BRAND-BACK-END/src/controllers/logout.controllers.js": {"path":"/Users/andelarwanda/MY-BRAND-BACK-END/src/controllers/logout.controllers.js","statementMap":{"0":{"start":{"line":5,"column":4},"end":{"line":5,"column":29}},"1":{"start":{"line":6,"column":4},"end":{"line":6,"column":58}}},"fnMap":{"0":{"name":"(anonymous_0)","decl":{"start":{"line":4,"column":2},"end":{"line":4,"column":3}},"loc":{"start":{"line":4,"column":26},"end":{"line":7,"column":3}},"line":4}},"branchMap":{},"s":{"0":1,"1":1},"f":{"0":1},"b":{},"_coverageSchema":"1a1c01bbd47fc00a2c39e90264f33305004495a9","hash":"de35c28e062e715b08e3b38645d4af8cf7cbca0f"}
,"/Users/andelarwanda/MY-BRAND-BACK-END/src/controllers/makeAdmin.midlleware.js": {"path":"/Users/andelarwanda/MY-BRAND-BACK-END/src/controllers/makeAdmin.midlleware.js","statementMap":{"0":{"start":{"line":5,"column":4},"end":{"line":14,"column":5}},"1":{"start":{"line":6,"column":22},"end":{"line":6,"column":30}},"2":{"start":{"line":8,"column":23},"end":{"line":8,"column":88}},"3":{"start":{"line":10,"column":8},"end":{"line":10,"column":98}},"4":{"start":{"line":13,"column":8},"end":{"line":13,"column":65}}},"fnMap":{"0":{"name":"(anonymous_0)","decl":{"start":{"line":4,"column":0},"end":{"line":4,"column":1}},"loc":{"start":{"line":4,"column":32},"end":{"line":15,"column":1}},"line":4}},"branchMap":{},"s":{"0":0,"1":0,"2":0,"3":0,"4":0},"f":{"0":0},"b":{},"_coverageSchema":"1a1c01bbd47fc00a2c39e90264f33305004495a9","hash":"956ff52d1dccc720175e4bb56e99f54834b3323f"}
,"/Users/andelarwanda/MY-BRAND-BACK-END/src/controllers/message.controllers.js": {"path":"/Users/andelarwanda/MY-BRAND-BACK-END/src/controllers/message.controllers.js","statementMap":{"0":{"start":{"line":7,"column":8},"end":{"line":13,"column":9}},"1":{"start":{"line":8,"column":46},"end":{"line":8,"column":54}},"2":{"start":{"line":9,"column":31},"end":{"line":9,"column":83}},"3":{"start":{"line":10,"column":12},"end":{"line":10,"column":66}},"4":{"start":{"line":12,"column":12},"end":{"line":12,"column":69}},"5":{"start":{"line":16,"column":8},"end":{"line":21,"column":9}},"6":{"start":{"line":17,"column":31},"end":{"line":17,"column":56}},"7":{"start":{"line":18,"column":12},"end":{"line":18,"column":92}},"8":{"start":{"line":20,"column":12},"end":{"line":20,"column":68}}},"fnMap":{"0":{"name":"(anonymous_0)","decl":{"start":{"line":6,"column":4},"end":{"line":6,"column":5}},"loc":{"start":{"line":6,"column":39},"end":{"line":14,"column":5}},"line":6},"1":{"name":"(anonymous_1)","decl":{"start":{"line":15,"column":4},"end":{"line":15,"column":5}},"loc":{"start":{"line":15,"column":42},"end":{"line":22,"column":5}},"line":15}},"branchMap":{},"s":{"0":1,"1":1,"2":1,"3":1,"4":0,"5":0,"6":0,"7":0,"8":0},"f":{"0":1,"1":0},"b":{},"_coverageSchema":"1a1c01bbd47fc00a2c39e90264f33305004495a9","hash":"9f4b34e889c34c444fb4cd26ef48bba06488a206"}
,"/Users/andelarwanda/MY-BRAND-BACK-END/src/controllers/signup.controller.js": {"path":"/Users/andelarwanda/MY-BRAND-BACK-END/src/controllers/signup.controller.js","statementMap":{"0":{"start":{"line":7,"column":4},"end":{"line":21,"column":5}},"1":{"start":{"line":8,"column":61},"end":{"line":8,"column":69}},"2":{"start":{"line":9,"column":19},"end":{"line":9,"column":41}},"3":{"start":{"line":10,"column":29},"end":{"line":10,"column":60}},"4":{"start":{"line":11,"column":26},"end":{"line":11,"column":77}},"5":{"start":{"line":12,"column":22},"end":{"line":12,"column":79}},"6":{"start":{"line":13,"column":6},"end":{"line":18,"column":7}},"7":{"start":{"line":14,"column":8},"end":{"line":14,"column":28}},"8":{"start":{"line":15,"column":8},"end":{"line":15,"column":70}},"9":{"start":{"line":17,"column":8},"end":{"line":17,"column":81}},"10":{"start":{"line":20,"column":6},"end":{"line":20,"column":63}},"11":{"start":{"line":24,"column":4},"end":{"line":30,"column":5}},"12":{"start":{"line":25,"column":20},"end":{"line":25,"column":39}},"13":{"start":{"line":26,"column":6},"end":{"line":26,"column":77}},"14":{"start":{"line":28,"column":6},"end":{"line":28,"column":24}},"15":{"start":{"line":29,"column":6},"end":{"line":29,"column":63}}},"fnMap":{"0":{"name":"(anonymous_0)","decl":{"start":{"line":6,"column":2},"end":{"line":6,"column":3}},"loc":{"start":{"line":6,"column":36},"end":{"line":22,"column":3}},"line":6},"1":{"name":"(anonymous_1)","decl":{"start":{"line":23,"column":2},"end":{"line":23,"column":3}},"loc":{"start":{"line":23,"column":34},"end":{"line":31,"column":3}},"line":23}},"branchMap":{"0":{"loc":{"start":{"line":13,"column":6},"end":{"line":18,"column":7}},"type":"if","locations":[{"start":{"line":13,"column":6},"end":{"line":18,"column":7}},{"start":{"line":16,"column":13},"end":{"line":18,"column":7}}],"line":13}},"s":{"0":0,"1":0,"2":0,"3":0,"4":0,"5":0,"6":0,"7":0,"8":0,"9":0,"10":0,"11":0,"12":0,"13":0,"14":0,"15":0},"f":{"0":0,"1":0},"b":{"0":[0,0]},"_coverageSchema":"1a1c01bbd47fc00a2c39e90264f33305004495a9","hash":"11cf276f96940cbfefdf05260bec3215bf8111fa"}
,"/Users/andelarwanda/MY-BRAND-BACK-END/src/middlewares/checkSignup.middleware.js": {"path":"/Users/andelarwanda/MY-BRAND-BACK-END/src/middlewares/checkSignup.middleware.js","statementMap":{"0":{"start":{"line":5,"column":17},"end":{"line":23,"column":2}},"1":{"start":{"line":25,"column":29},"end":{"line":41,"column":1}},"2":{"start":{"line":26,"column":32},"end":{"line":26,"column":40}},"3":{"start":{"line":27,"column":22},"end":{"line":27,"column":51}},"4":{"start":{"line":28,"column":4},"end":{"line":31,"column":5}},"5":{"start":{"line":29,"column":25},"end":{"line":29,"column":81}},"6":{"start":{"line":29,"column":55},"end":{"line":29,"column":69}},"7":{"start":{"line":30,"column":6},"end":{"line":30,"column":53}},"8":{"start":{"line":32,"column":4},"end":{"line":40,"column":7}},"9":{"start":{"line":33,"column":8},"end":{"line":35,"column":9}},"10":{"start":{"line":34,"column":12},"end":{"line":34,"column":68}},"11":{"start":{"line":36,"column":8},"end":{"line":38,"column":9}},"12":{"start":{"line":37,"column":12},"end":{"line":37,"column":81}},"13":{"start":{"line":39,"column":8},"end":{"line":39,"column":15}}},"fnMap":{"0":{"name":"(anonymous_0)","decl":{"start":{"line":25,"column":29},"end":{"line":25,"column":30}},"loc":{"start":{"line":25,"column":49},"end":{"line":41,"column":1}},"line":25},"1":{"name":"(anonymous_1)","decl":{"start":{"line":29,"column":43},"end":{"line":29,"column":44}},"loc":{"start":{"line":29,"column":55},"end":{"line":29,"column":69}},"line":29},"2":{"name":"(anonymous_2)","decl":{"start":{"line":32,"column":55},"end":{"line":32,"column":56}},"loc":{"start":{"line":32,"column":72},"end":{"line":40,"column":5}},"line":32}},"branchMap":{"0":{"loc":{"start":{"line":28,"column":4},"end":{"line":31,"column":5}},"type":"if","locations":[{"start":{"line":28,"column":4},"end":{"line":31,"column":5}},{"start":{},"end":{}}],"line":28},"1":{"loc":{"start":{"line":33,"column":8},"end":{"line":35,"column":9}},"type":"if","locations":[{"start":{"line":33,"column":8},"end":{"line":35,"column":9}},{"start":{},"end":{}}],"line":33},"2":{"loc":{"start":{"line":36,"column":8},"end":{"line":38,"column":9}},"type":"if","locations":[{"start":{"line":36,"column":8},"end":{"line":38,"column":9}},{"start":{},"end":{}}],"line":36}},"s":{"0":7,"1":7,"2":1,"3":1,"4":1,"5":0,"6":0,"7":0,"8":1,"9":0,"10":0,"11":0,"12":0,"13":0},"f":{"0":1,"1":0,"2":0},"b":{"0":[0,1],"1":[0,0],"2":[0,0]},"_coverageSchema":"1a1c01bbd47fc00a2c39e90264f33305004495a9","hash":"883f5d679f85a574b41c59869baf414d1c3e62ef"}
,"/Users/andelarwanda/MY-BRAND-BACK-END/src/middlewares/isAdmin.middleware.js": {"path":"/Users/andelarwanda/MY-BRAND-BACK-END/src/middlewares/isAdmin.middleware.js","statementMap":{"0":{"start":{"line":5,"column":19},"end":{"line":27,"column":1}},"1":{"start":{"line":6,"column":22},"end":{"line":6,"column":33}},"2":{"start":{"line":7,"column":4},"end":{"line":9,"column":5}},"3":{"start":{"line":8,"column":8},"end":{"line":8,"column":66}},"4":{"start":{"line":10,"column":4},"end":{"line":26,"column":5}},"5":{"start":{"line":11,"column":22},"end":{"line":11,"column":63}},"6":{"start":{"line":12,"column":35},"end":{"line":12,"column":40}},"7":{"start":{"line":13,"column":23},"end":{"line":13,"column":33}},"8":{"start":{"line":14,"column":8},"end":{"line":14,"column":34}},"9":{"start":{"line":14,"column":19},"end":{"line":14,"column":34}},"10":{"start":{"line":15,"column":8},"end":{"line":22,"column":9}},"11":{"start":{"line":16,"column":21},"end":{"line":16,"column":52}},"12":{"start":{"line":17,"column":8},"end":{"line":21,"column":9}},"13":{"start":{"line":18,"column":8},"end":{"line":18,"column":62}},"14":{"start":{"line":18,"column":48},"end":{"line":18,"column":62}},"15":{"start":{"line":20,"column":12},"end":{"line":20,"column":82}},"16":{"start":{"line":23,"column":8},"end":{"line":23,"column":110}},"17":{"start":{"line":25,"column":8},"end":{"line":25,"column":66}}},"fnMap":{"0":{"name":"(anonymous_0)","decl":{"start":{"line":5,"column":19},"end":{"line":5,"column":20}},"loc":{"start":{"line":5,"column":45},"end":{"line":27,"column":1}},"line":5}},"branchMap":{"0":{"loc":{"start":{"line":7,"column":4},"end":{"line":9,"column":5}},"type":"if","locations":[{"start":{"line":7,"column":4},"end":{"line":9,"column":5}},{"start":{},"end":{}}],"line":7},"1":{"loc":{"start":{"line":14,"column":8},"end":{"line":14,"column":34}},"type":"if","locations":[{"start":{"line":14,"column":8},"end":{"line":14,"column":34}},{"start":{},"end":{}}],"line":14},"2":{"loc":{"start":{"line":15,"column":8},"end":{"line":22,"column":9}},"type":"if","locations":[{"start":{"line":15,"column":8},"end":{"line":22,"column":9}},{"start":{},"end":{}}],"line":15},"3":{"loc":{"start":{"line":17,"column":8},"end":{"line":21,"column":9}},"type":"if","locations":[{"start":{"line":17,"column":8},"end":{"line":21,"column":9}},{"start":{"line":19,"column":13},"end":{"line":21,"column":9}}],"line":17},"4":{"loc":{"start":{"line":18,"column":8},"end":{"line":18,"column":62}},"type":"if","locations":[{"start":{"line":18,"column":8},"end":{"line":18,"column":62}},{"start":{},"end":{}}],"line":18},"5":{"loc":{"start":{"line":18,"column":12},"end":{"line":18,"column":47}},"type":"binary-expr","locations":[{"start":{"line":18,"column":12},"end":{"line":18,"column":17}},{"start":{"line":18,"column":22},"end":{"line":18,"column":46}}],"line":18}},"s":{"0":7,"1":0,"2":0,"3":0,"4":0,"5":0,"6":0,"7":0,"8":0,"9":0,"10":0,"11":0,"12":0,"13":0,"14":0,"15":0,"16":0,"17":0},"f":{"0":0},"b":{"0":[0,0],"1":[0,0],"2":[0,0],"3":[0,0],"4":[0,0],"5":[0,0]},"_coverageSchema":"1a1c01bbd47fc00a2c39e90264f33305004495a9","hash":"d1912a960bc02672908756e236190fd901c2f688"}
,"/Users/andelarwanda/MY-BRAND-BACK-END/src/middlewares/validateUser.middleware.js": {"path":"/Users/andelarwanda/MY-BRAND-BACK-END/src/middlewares/validateUser.middleware.js","statementMap":{"0":{"start":{"line":4,"column":19},"end":{"line":14,"column":2}},"1":{"start":{"line":16,"column":20},"end":{"line":23,"column":1}},"2":{"start":{"line":17,"column":22},"end":{"line":17,"column":53}},"3":{"start":{"line":18,"column":4},"end":{"line":21,"column":5}},"4":{"start":{"line":19,"column":25},"end":{"line":19,"column":81}},"5":{"start":{"line":19,"column":55},"end":{"line":19,"column":69}},"6":{"start":{"line":20,"column":6},"end":{"line":20,"column":52}},"7":{"start":{"line":22,"column":4},"end":{"line":22,"column":11}}},"fnMap":{"0":{"name":"(anonymous_0)","decl":{"start":{"line":16,"column":20},"end":{"line":16,"column":21}},"loc":{"start":{"line":16,"column":39},"end":{"line":23,"column":1}},"line":16},"1":{"name":"(anonymous_1)","decl":{"start":{"line":19,"column":43},"end":{"line":19,"column":44}},"loc":{"start":{"line":19,"column":55},"end":{"line":19,"column":69}},"line":19}},"branchMap":{"0":{"loc":{"start":{"line":18,"column":4},"end":{"line":21,"column":5}},"type":"if","locations":[{"start":{"line":18,"column":4},"end":{"line":21,"column":5}},{"start":{},"end":{}}],"line":18}},"s":{"0":7,"1":7,"2":1,"3":1,"4":0,"5":0,"6":0,"7":1},"f":{"0":1,"1":0},"b":{"0":[0,1]},"_coverageSchema":"1a1c01bbd47fc00a2c39e90264f33305004495a9","hash":"70c2b61df4fdd6b1957142d2527afe0eb6154bb0"}
,"/Users/andelarwanda/MY-BRAND-BACK-END/src/middlewares/verifyUser.middleware.js": {"path":"/Users/andelarwanda/MY-BRAND-BACK-END/src/middlewares/verifyUser.middleware.js","statementMap":{"0":{"start":{"line":5,"column":19},"end":{"line":18,"column":1}},"1":{"start":{"line":6,"column":22},"end":{"line":6,"column":33}},"2":{"start":{"line":7,"column":4},"end":{"line":9,"column":5}},"3":{"start":{"line":8,"column":8},"end":{"line":8,"column":66}},"4":{"start":{"line":10,"column":4},"end":{"line":17,"column":5}},"5":{"start":{"line":11,"column":22},"end":{"line":11,"column":63}},"6":{"start":{"line":12,"column":26},"end":{"line":12,"column":76}},"7":{"start":{"line":13,"column":8},"end":{"line":13,"column":72}},"8":{"start":{"line":13,"column":24},"end":{"line":13,"column":72}},"9":{"start":{"line":14,"column":8},"end":{"line":14,"column":15}},"10":{"start":{"line":16,"column":8},"end":{"line":16,"column":47}}},"fnMap":{"0":{"name":"(anonymous_0)","decl":{"start":{"line":5,"column":19},"end":{"line":5,"column":20}},"loc":{"start":{"line":5,"column":45},"end":{"line":18,"column":1}},"line":5}},"branchMap":{"0":{"loc":{"start":{"line":7,"column":4},"end":{"line":9,"column":5}},"type":"if","locations":[{"start":{"line":7,"column":4},"end":{"line":9,"column":5}},{"start":{},"end":{}}],"line":7},"1":{"loc":{"start":{"line":13,"column":8},"end":{"line":13,"column":72}},"type":"if","locations":[{"start":{"line":13,"column":8},"end":{"line":13,"column":72}},{"start":{},"end":{}}],"line":13}},"s":{"0":7,"1":0,"2":0,"3":0,"4":0,"5":0,"6":0,"7":0,"8":0,"9":0,"10":0},"f":{"0":0},"b":{"0":[0,0],"1":[0,0]},"_coverageSchema":"1a1c01bbd47fc00a2c39e90264f33305004495a9","hash":"afabc3e6d7c6996ba07652333867d7f315e21d06"}
,"/Users/andelarwanda/MY-BRAND-BACK-END/src/models/blogs.model.js": {"path":"/Users/andelarwanda/MY-BRAND-BACK-END/src/models/blogs.model.js","statementMap":{"0":{"start":{"line":3,"column":20},"end":{"line":25,"column":2}},"1":{"start":{"line":26,"column":13},"end":{"line":26,"column":49}}},"fnMap":{},"branchMap":{},"s":{"0":7,"1":7},"f":{},"b":{},"_coverageSchema":"1a1c01bbd47fc00a2c39e90264f33305004495a9","hash":"e9d96912801681ac0e360506f217ca32e7b4d1c6"}
,"/Users/andelarwanda/MY-BRAND-BACK-END/src/models/messages.model.js": {"path":"/Users/andelarwanda/MY-BRAND-BACK-END/src/models/messages.model.js","statementMap":{"0":{"start":{"line":3,"column":22},"end":{"line":21,"column":2}},"1":{"start":{"line":23,"column":21},"end":{"line":23,"column":62}}},"fnMap":{},"branchMap":{},"s":{"0":7,"1":7},"f":{},"b":{},"_coverageSchema":"1a1c01bbd47fc00a2c39e90264f33305004495a9","hash":"7be42afbbc12268c4fb64942fb58cb5dce809ede"}
,"/Users/andelarwanda/MY-BRAND-BACK-END/src/models/signup.models.js": {"path":"/Users/andelarwanda/MY-BRAND-BACK-END/src/models/signup.models.js","statementMap":{"0":{"start":{"line":3,"column":21},"end":{"line":26,"column":2}},"1":{"start":{"line":28,"column":15},"end":{"line":28,"column":54}}},"fnMap":{},"branchMap":{},"s":{"0":7,"1":7},"f":{},"b":{},"_coverageSchema":"1a1c01bbd47fc00a2c39e90264f33305004495a9","hash":"afe16b6e366e82fced44d27534c562c9f12eab8b"}
,"/Users/andelarwanda/MY-BRAND-BACK-END/src/routes/all.routes.js": {"path":"/Users/andelarwanda/MY-BRAND-BACK-END/src/routes/all.routes.js","statementMap":{"0":{"start":{"line":12,"column":15},"end":{"line":12,"column":31}},"1":{"start":{"line":13,"column":0},"end":{"line":13,"column":30}},"2":{"start":{"line":14,"column":0},"end":{"line":14,"column":33}},"3":{"start":{"line":16,"column":0},"end":{"line":16,"column":32}},"4":{"start":{"line":18,"column":0},"end":{"line":18,"column":28}},"5":{"start":{"line":19,"column":0},"end":{"line":19,"column":30}},"6":{"start":{"line":20,"column":0},"end":{"line":20,"column":31}},"7":{"start":{"line":22,"column":0},"end":{"line":22,"column":35}},"8":{"start":{"line":25,"column":0},"end":{"line":27,"column":2}},"9":{"start":{"line":26,"column":3},"end":{"line":26,"column":61}}},"fnMap":{"0":{"name":"(anonymous_0)","decl":{"start":{"line":25,"column":11},"end":{"line":25,"column":12}},"loc":{"start":{"line":25,"column":25},"end":{"line":27,"column":1}},"line":25}},"branchMap":{},"s":{"0":7,"1":7,"2":7,"3":7,"4":7,"5":7,"6":7,"7":7,"8":7,"9":0},"f":{"0":0},"b":{},"_coverageSchema":"1a1c01bbd47fc00a2c39e90264f33305004495a9","hash":"459a5f167baab48bf7e6449ae4e102b904623405"}
,"/Users/andelarwanda/MY-BRAND-BACK-END/src/routes/blog.routes.js": {"path":"/Users/andelarwanda/MY-BRAND-BACK-END/src/routes/blog.routes.js","statementMap":{"0":{"start":{"line":5,"column":15},"end":{"line":5,"column":31}},"1":{"start":{"line":7,"column":0},"end":{"line":7,"column":44}},"2":{"start":{"line":10,"column":0},"end":{"line":10,"column":47}},"3":{"start":{"line":11,"column":0},"end":{"line":11,"column":42}},"4":{"start":{"line":12,"column":0},"end":{"line":12,"column":44}},"5":{"start":{"line":13,"column":0},"end":{"line":13,"column":43}}},"fnMap":{},"branchMap":{},"s":{"0":7,"1":7,"2":7,"3":7,"4":7,"5":7},"f":{},"b":{},"_coverageSchema":"1a1c01bbd47fc00a2c39e90264f33305004495a9","hash":"6348353758beabd7e06326bd7b71f889b80e38a4"}
,"/Users/andelarwanda/MY-BRAND-BACK-END/src/routes/comment.routes.js": {"path":"/Users/andelarwanda/MY-BRAND-BACK-END/src/routes/comment.routes.js","statementMap":{"0":{"start":{"line":4,"column":15},"end":{"line":4,"column":31}},"1":{"start":{"line":6,"column":0},"end":{"line":6,"column":36}},"2":{"start":{"line":7,"column":0},"end":{"line":7,"column":110}},"3":{"start":{"line":7,"column":31},"end":{"line":7,"column":109}}},"fnMap":{"0":{"name":"(anonymous_0)","decl":{"start":{"line":7,"column":17},"end":{"line":7,"column":18}},"loc":{"start":{"line":7,"column":31},"end":{"line":7,"column":109}},"line":7}},"branchMap":{},"s":{"0":7,"1":7,"2":7,"3":0},"f":{"0":0},"b":{},"_coverageSchema":"1a1c01bbd47fc00a2c39e90264f33305004495a9","hash":"79fc92d827a8b0497170e11a33ff0352587890e8"}
,"/Users/andelarwanda/MY-BRAND-BACK-END/src/routes/login.routes.js": {"path":"/Users/andelarwanda/MY-BRAND-BACK-END/src/routes/login.routes.js","statementMap":{"0":{"start":{"line":5,"column":15},"end":{"line":5,"column":31}},"1":{"start":{"line":7,"column":0},"end":{"line":7,"column":62}}},"fnMap":{},"branchMap":{},"s":{"0":7,"1":7},"f":{},"b":{},"_coverageSchema":"1a1c01bbd47fc00a2c39e90264f33305004495a9","hash":"15ef44d56cbf7f0eb38da0c6d9650cf2e436c6e7"}
,"/Users/andelarwanda/MY-BRAND-BACK-END/src/routes/logout.routes.js": {"path":"/Users/andelarwanda/MY-BRAND-BACK-END/src/routes/logout.routes.js","statementMap":{"0":{"start":{"line":4,"column":15},"end":{"line":4,"column":31}},"1":{"start":{"line":5,"column":0},"end":{"line":5,"column":32}}},"fnMap":{},"branchMap":{},"s":{"0":7,"1":7},"f":{},"b":{},"_coverageSchema":"1a1c01bbd47fc00a2c39e90264f33305004495a9","hash":"b563906d8da840a666abab0364044cbd2b227f83"}
,"/Users/andelarwanda/MY-BRAND-BACK-END/src/routes/makeAdmin.routes.js": {"path":"/Users/andelarwanda/MY-BRAND-BACK-END/src/routes/makeAdmin.routes.js","statementMap":{"0":{"start":{"line":4,"column":15},"end":{"line":4,"column":31}},"1":{"start":{"line":6,"column":0},"end":{"line":6,"column":41}}},"fnMap":{},"branchMap":{},"s":{"0":7,"1":7},"f":{},"b":{},"_coverageSchema":"1a1c01bbd47fc00a2c39e90264f33305004495a9","hash":"13f4d497a0804d5607f6a6cad632981a70099be3"}
,"/Users/andelarwanda/MY-BRAND-BACK-END/src/routes/messages.routes.js": {"path":"/Users/andelarwanda/MY-BRAND-BACK-END/src/routes/messages.routes.js","statementMap":{"0":{"start":{"line":5,"column":15},"end":{"line":5,"column":31}},"1":{"start":{"line":7,"column":0},"end":{"line":7,"column":38}},"2":{"start":{"line":8,"column":0},"end":{"line":8,"column":40}}},"fnMap":{},"branchMap":{},"s":{"0":7,"1":7,"2":7},"f":{},"b":{},"_coverageSchema":"1a1c01bbd47fc00a2c39e90264f33305004495a9","hash":"6754b228b7511bd185865b6d5e8b4a795c2dc7f5"}
,"/Users/andelarwanda/MY-BRAND-BACK-END/src/routes/signup.routes.js": {"path":"/Users/andelarwanda/MY-BRAND-BACK-END/src/routes/signup.routes.js","statementMap":{"0":{"start":{"line":6,"column":15},"end":{"line":6,"column":31}},"1":{"start":{"line":8,"column":0},"end":{"line":8,"column":53}},"2":{"start":{"line":9,"column":0},"end":{"line":9,"column":40}}},"fnMap":{},"branchMap":{},"s":{"0":7,"1":7,"2":7},"f":{},"b":{},"_coverageSchema":"1a1c01bbd47fc00a2c39e90264f33305004495a9","hash":"63b8bacb556be2785b4ceb5b52ee1c8c54c692c9"}
,"/Users/andelarwanda/MY-BRAND-BACK-END/src/utils/response.util.js": {"path":"/Users/andelarwanda/MY-BRAND-BACK-END/src/utils/response.util.js","statementMap":{"0":{"start":{"line":4,"column":4},"end":{"line":7,"column":6}},"1":{"start":{"line":10,"column":4},"end":{"line":12,"column":6}}},"fnMap":{"0":{"name":"(anonymous_0)","decl":{"start":{"line":3,"column":2},"end":{"line":3,"column":3}},"loc":{"start":{"line":3,"column":45},"end":{"line":8,"column":3}},"line":3},"1":{"name":"(anonymous_1)","decl":{"start":{"line":9,"column":2},"end":{"line":9,"column":3}},"loc":{"start":{"line":9,"column":37},"end":{"line":13,"column":3}},"line":9}},"branchMap":{},"s":{"0":6,"1":2},"f":{"0":6,"1":2},"b":{},"_coverageSchema":"1a1c01bbd47fc00a2c39e90264f33305004495a9","hash":"3cd905456660d250ee6f44a3851c99186d73c731"}
}
