TN:
SF:index_test.js
FN:15,(anonymous_0)
FNF:1
FNH:0
FNDA:0,(anonymous_0)
DA:10,7
DA:11,7
DA:12,7
DA:13,7
DA:14,7
DA:15,7
DA:16,7
DA:17,7
DA:18,7
DA:19,7
LF:10
LH:10
BRF:0
BRH:0
end_of_record
TN:
SF:src/controllers/blog.controllers.js
FN:13,(anonymous_0)
FN:26,(anonymous_1)
FN:35,(anonymous_2)
FN:54,(anonymous_3)
FN:71,(anonymous_4)
FN:84,(anonymous_5)
FNF:6
FNH:5
FNDA:2,(anonymous_0)
FNDA:1,(anonymous_1)
FNDA:1,(anonymous_2)
FNDA:1,(anonymous_3)
FNDA:1,(anonymous_4)
FNDA:0,(anonymous_5)
DA:14,2
DA:15,2
DA:16,2
DA:17,1
DA:18,0
DA:20,1
DA:22,1
DA:27,1
DA:28,1
DA:29,1
DA:31,0
DA:40,1
DA:45,1
DA:46,1
DA:53,1
DA:54,1
DA:55,1
DA:56,0
DA:58,1
DA:60,1
DA:61,1
DA:62,1
DA:64,1
DA:67,0
DA:68,0
DA:72,1
DA:73,1
DA:74,1
DA:75,1
DA:76,0
DA:78,1
DA:80,0
DA:85,0
DA:86,0
DA:87,0
DA:88,0
DA:89,0
DA:90,0
DA:92,0
DA:94,0
LF:40
LH:25
BRDA:17,0,0,0
BRDA:17,0,1,1
BRDA:55,1,0,0
BRDA:55,1,1,1
BRDA:75,2,0,0
BRDA:75,2,1,1
BRDA:89,3,0,0
BRDA:89,3,1,0
BRF:8
BRH:3
end_of_record
TN:
SF:src/controllers/comment.controller.js
FN:6,(anonymous_0)
FNF:1
FNH:1
FNDA:1,(anonymous_0)
DA:7,1
DA:10,1
DA:12,1
DA:14,1
DA:15,1
LF:5
LH:5
BRF:0
BRH:0
end_of_record
TN:
SF:src/controllers/login.controller.js
FN:8,(anonymous_0)
FN:26,(anonymous_1)
FNF:2
FNH:1
FNDA:1,(anonymous_0)
FNDA:0,(anonymous_1)
DA:9,1
DA:10,1
DA:11,0
DA:12,0
DA:13,0
DA:14,0
DA:16,0
DA:17,0
DA:18,0
DA:19,0
DA:20,0
DA:24,0
DA:27,0
DA:28,0
LF:14
LH:2
BRDA:11,0,0,0
BRDA:11,0,1,0
BRDA:13,1,0,0
BRDA:13,1,1,0
BRDA:13,2,0,0
BRDA:13,2,1,0
BRF:6
BRH:0
end_of_record
TN:
SF:src/controllers/logout.controllers.js
FN:4,(anonymous_0)
FNF:1
FNH:1
FNDA:1,(anonymous_0)
DA:5,1
DA:6,1
LF:2
LH:2
BRF:0
BRH:0
end_of_record
TN:
SF:src/controllers/makeAdmin.midlleware.js
FN:4,(anonymous_0)
FNF:1
FNH:0
FNDA:0,(anonymous_0)
DA:5,0
DA:6,0
DA:8,0
DA:10,0
DA:13,0
LF:5
LH:0
BRF:0
BRH:0
end_of_record
TN:
SF:src/controllers/message.controllers.js
FN:6,(anonymous_0)
FN:15,(anonymous_1)
FNF:2
FNH:1
FNDA:1,(anonymous_0)
FNDA:0,(anonymous_1)
DA:7,1
DA:8,1
DA:9,1
DA:10,1
DA:12,0
DA:16,0
DA:17,0
DA:18,0
DA:20,0
LF:9
LH:4
BRF:0
BRH:0
end_of_record
TN:
SF:src/controllers/signup.controller.js
FN:6,(anonymous_0)
FN:23,(anonymous_1)
FNF:2
FNH:0
FNDA:0,(anonymous_0)
FNDA:0,(anonymous_1)
DA:7,0
DA:8,0
DA:9,0
DA:10,0
DA:11,0
DA:12,0
DA:13,0
DA:14,0
DA:15,0
DA:17,0
DA:20,0
DA:24,0
DA:25,0
DA:26,0
DA:28,0
DA:29,0
LF:16
LH:0
BRDA:13,0,0,0
BRDA:13,0,1,0
BRF:2
BRH:0
end_of_record
TN:
SF:src/middlewares/checkSignup.middleware.js
FN:25,(anonymous_0)
FN:29,(anonymous_1)
FN:32,(anonymous_2)
FNF:3
FNH:1
FNDA:1,(anonymous_0)
FNDA:0,(anonymous_1)
FNDA:0,(anonymous_2)
DA:5,7
DA:25,7
DA:26,1
DA:27,1
DA:28,1
DA:29,0
DA:30,0
DA:32,1
DA:33,0
DA:34,0
DA:36,0
DA:37,0
DA:39,0
LF:13
LH:6
BRDA:28,0,0,0
BRDA:28,0,1,1
BRDA:33,1,0,0
BRDA:33,1,1,0
BRDA:36,2,0,0
BRDA:36,2,1,0
BRF:6
BRH:1
end_of_record
TN:
SF:src/middlewares/isAdmin.middleware.js
FN:5,(anonymous_0)
FNF:1
FNH:0
FNDA:0,(anonymous_0)
DA:5,7
DA:6,0
DA:7,0
DA:8,0
DA:10,0
DA:11,0
DA:12,0
DA:13,0
DA:14,0
DA:15,0
DA:16,0
DA:17,0
DA:18,0
DA:20,0
DA:23,0
DA:25,0
LF:16
LH:1
BRDA:7,0,0,0
BRDA:7,0,1,0
BRDA:14,1,0,0
BRDA:14,1,1,0
BRDA:15,2,0,0
BRDA:15,2,1,0
BRDA:17,3,0,0
BRDA:17,3,1,0
BRDA:18,4,0,0
BRDA:18,4,1,0
BRDA:18,5,0,0
BRDA:18,5,1,0
BRF:12
BRH:0
end_of_record
TN:
SF:src/middlewares/validateUser.middleware.js
FN:16,(anonymous_0)
FN:19,(anonymous_1)
FNF:2
FNH:1
FNDA:1,(anonymous_0)
FNDA:0,(anonymous_1)
DA:4,7
DA:16,7
DA:17,1
DA:18,1
DA:19,0
DA:20,0
DA:22,1
LF:7
LH:5
BRDA:18,0,0,0
BRDA:18,0,1,1
BRF:2
BRH:1
end_of_record
TN:
SF:src/middlewares/verifyUser.middleware.js
FN:5,(anonymous_0)
FNF:1
FNH:0
FNDA:0,(anonymous_0)
DA:5,7
DA:6,0
DA:7,0
DA:8,0
DA:10,0
DA:11,0
DA:12,0
DA:13,0
DA:14,0
DA:16,0
LF:10
LH:1
BRDA:7,0,0,0
BRDA:7,0,1,0
BRDA:13,1,0,0
BRDA:13,1,1,0
BRF:4
BRH:0
end_of_record
TN:
SF:src/models/blogs.model.js
FNF:0
FNH:0
DA:3,7
DA:26,7
LF:2
LH:2
BRF:0
BRH:0
end_of_record
TN:
SF:src/models/messages.model.js
FNF:0
FNH:0
DA:3,7
DA:23,7
LF:2
LH:2
BRF:0
BRH:0
end_of_record
TN:
SF:src/models/signup.models.js
FNF:0
FNH:0
DA:3,7
DA:28,7
LF:2
LH:2
BRF:0
BRH:0
end_of_record
TN:
SF:src/routes/all.routes.js
FN:25,(anonymous_0)
FNF:1
FNH:0
FNDA:0,(anonymous_0)
DA:12,7
DA:13,7
DA:14,7
DA:16,7
DA:18,7
DA:19,7
DA:20,7
DA:22,7
DA:25,7
DA:26,0
LF:10
LH:9
BRF:0
BRH:0
end_of_record
TN:
SF:src/routes/blog.routes.js
FNF:0
FNH:0
DA:5,7
DA:7,7
DA:10,7
DA:11,7
DA:12,7
DA:13,7
LF:6
LH:6
BRF:0
BRH:0
end_of_record
TN:
SF:src/routes/comment.routes.js
FN:7,(anonymous_0)
FNF:1
FNH:0
FNDA:0,(anonymous_0)
DA:4,7
DA:6,7
DA:7,7
LF:3
LH:3
BRF:0
BRH:0
end_of_record
TN:
SF:src/routes/login.routes.js
FNF:0
FNH:0
DA:5,7
DA:7,7
LF:2
LH:2
BRF:0
BRH:0
end_of_record
TN:
SF:src/routes/logout.routes.js
FNF:0
FNH:0
DA:4,7
DA:5,7
LF:2
LH:2
BRF:0
BRH:0
end_of_record
TN:
SF:src/routes/makeAdmin.routes.js
FNF:0
FNH:0
DA:4,7
DA:6,7
LF:2
LH:2
BRF:0
BRH:0
end_of_record
TN:
SF:src/routes/messages.routes.js
FNF:0
FNH:0
DA:5,7
DA:7,7
DA:8,7
LF:3
LH:3
BRF:0
BRH:0
end_of_record
TN:
SF:src/routes/signup.routes.js
FNF:0
FNH:0
DA:6,7
DA:8,7
DA:9,7
LF:3
LH:3
BRF:0
BRH:0
end_of_record
TN:
SF:src/utils/response.util.js
FN:3,(anonymous_0)
FN:9,(anonymous_1)
FNF:2
FNH:2
FNDA:6,(anonymous_0)
FNDA:2,(anonymous_1)
DA:4,6
DA:10,2
LF:2
LH:2
BRF:0
BRH:0
end_of_record
